<?xml version="1.0" encoding="UTF-8"?>
<testng-results skipped="0" failed="0" total="1" passed="1">
  <reporter-output>
  </reporter-output>
  <suite name="Default suite" duration-ms="5227" started-at="2016-12-06T13:38:42Z" finished-at="2016-12-06T13:38:48Z">
    <groups>
      <group name="ST">
        <method signature="DiscountWebScenarioTest.test4_1()[pri:0, instance:lab10.DiscountWebScenarioTest@1810399e]" name="test4_1" class="lab10.DiscountWebScenarioTest"/>
      </group> <!-- ST -->
    </groups>
    <test name="Default test" duration-ms="5227" started-at="2016-12-06T13:38:42Z" finished-at="2016-12-06T13:38:48Z">
      <class name="lab10.DiscountWebScenarioTest">
        <test-method status="PASS" signature="setupDriver()[pri:0, instance:lab10.DiscountWebScenarioTest@1810399e]" name="setupDriver" is-config="true" duration-ms="3311" started-at="2016-12-06T13:38:42Z" finished-at="2016-12-06T13:38:46Z">
          <reporter-output>
          </reporter-output>
        </test-method> <!-- setupDriver -->
        <test-method status="PASS" signature="setUp()[pri:0, instance:lab10.DiscountWebScenarioTest@1810399e]" name="setUp" is-config="true" duration-ms="15" started-at="2016-12-06T13:38:46Z" finished-at="2016-12-06T13:38:46Z">
          <reporter-output>
          </reporter-output>
        </test-method> <!-- setUp -->
        <test-method status="PASS" signature="test4_1()[pri:0, instance:lab10.DiscountWebScenarioTest@1810399e]" name="test4_1" duration-ms="986" started-at="2016-12-06T13:38:46Z" finished-at="2016-12-06T13:38:47Z">
          <reporter-output>
          </reporter-output>
        </test-method> <!-- test4_1 -->
        <test-method status="PASS" signature="tearDown()[pri:0, instance:lab10.DiscountWebScenarioTest@1810399e]" name="tearDown" is-config="true" duration-ms="8" started-at="2016-12-06T13:38:47Z" finished-at="2016-12-06T13:38:47Z">
          <reporter-output>
          </reporter-output>
        </test-method> <!-- tearDown -->
        <test-method status="PASS" signature="tearDownAfterClass()[pri:0, instance:lab10.DiscountWebScenarioTest@1810399e]" name="tearDownAfterClass" is-config="true" duration-ms="885" started-at="2016-12-06T13:38:47Z" finished-at="2016-12-06T13:38:48Z">
          <reporter-output>
          </reporter-output>
        </test-method> <!-- tearDownAfterClass -->
      </class> <!-- lab10.DiscountWebScenarioTest -->
    </test> <!-- Default test -->
  </suite> <!-- Default suite -->
</testng-results>
