<?xml version="1.0" encoding="UTF-8"?>
<testng-results skipped="0" failed="0" total="1" passed="1">
  <reporter-output>
  </reporter-output>
  <suite name="Default suite" duration-ms="584" started-at="2016-11-22T15:24:14Z" finished-at="2016-11-22T15:24:15Z">
    <groups>
    </groups>
    <test name="Default test" duration-ms="584" started-at="2016-11-22T15:24:14Z" finished-at="2016-11-22T15:24:15Z">
      <class name="ins.InsurerSimpleTest">
        <test-method status="PASS" signature="setupInstance()[pri:0, instance:ins.InsurerSimpleTest@5622fdf]" name="setupInstance" is-config="true" duration-ms="290" started-at="2016-11-22T15:24:14Z" finished-at="2016-11-22T15:24:15Z">
          <reporter-output>
          </reporter-output>
        </test-method> <!-- setupInstance -->
        <test-method status="PASS" signature="test1()[pri:0, instance:ins.InsurerSimpleTest@5622fdf]" name="test1" duration-ms="174" started-at="2016-11-22T15:24:15Z" finished-at="2016-11-22T15:24:15Z">
          <reporter-output>
          </reporter-output>
        </test-method> <!-- test1 -->
        <test-method status="PASS" signature="shutdown()[pri:0, instance:ins.InsurerSimpleTest@5622fdf]" name="shutdown" is-config="true" duration-ms="47" started-at="2016-11-22T15:24:15Z" finished-at="2016-11-22T15:24:15Z">
          <reporter-output>
          </reporter-output>
        </test-method> <!-- shutdown -->
      </class> <!-- ins.InsurerSimpleTest -->
    </test> <!-- Default test -->
  </suite> <!-- Default suite -->
</testng-results>
