<?xml version="1.0" encoding="UTF-8"?>
<!-- Generated by org.testng.reporters.JUnitXMLReporter -->
<testsuite hostname="FadyShining-PC" name="Default test" tests="3" failures="0" timestamp="6 Dec 2016 01:58:07 GMT" time="9.071" errors="0">
  <testcase name="test1_1" time="0.335" classname="lab9.TridentifyWebTest"/>
  <testcase name="test1_2" time="0.296" classname="lab9.TridentifyWebTest"/>
  <testcase name="test1_3" time="0.295" classname="lab9.TridentifyWebTest"/>
</testsuite> <!-- Default test -->
